<?xml version="1.0" encoding="UTF-8"?>
<!-- Generated by org.testng.reporters.JUnitXMLReporter -->
<testsuite hostname="HP" ignored="0" name="order" tests="3" failures="0" timestamp="01 Nov 2019 18:53:14 GMT" time="29.65" errors="0">
  <testcase name="verifyLoginPageTitle" time="0.133" classname="CRMProPageTests.CRMLoginPageTest"/>
  <testcase name="crmLogoImageTest" time="0.297" classname="CRMProPageTests.CRMLoginPageTest"/>
  <testcase name="login" time="4.288" classname="CRMProPageTests.CRMLoginPageTest"/>
</testsuite> <!-- order -->
