<?xml version="1.0" encoding="UTF-8"?>
<!-- Generated by org.testng.reporters.JUnitXMLReporter -->
<testsuite hostname="HP" ignored="0" name="CRMPro" tests="3" failures="0" timestamp="01 Nov 2019 17:18:57 GMT" time="23.285" errors="0">
  <testcase name="verifyLoginPageTitle" time="0.08" classname="CRMProPageTests.CRMLoginPageTest"/>
  <testcase name="crmLogoImageTest" time="0.169" classname="CRMProPageTests.CRMLoginPageTest"/>
  <testcase name="login" time="3.979" classname="CRMProPageTests.CRMLoginPageTest"/>
</testsuite> <!-- CRMPro -->
