<?xml version="1.0" encoding="UTF-8"?>
<testng-results skipped="0" failed="0" ignored="0" total="3" passed="3">
  <reporter-output>
  </reporter-output>
  <suite name="Default Suite" duration-ms="23285" started-at="2019-11-01T17:18:34Z" finished-at="2019-11-01T17:18:57Z">
    <groups>
    </groups>
    <test name="CRMPro" duration-ms="23285" started-at="2019-11-01T17:18:34Z" finished-at="2019-11-01T17:18:57Z">
      <class name="CRMProPageTests.CRMLoginPageTest">
        <test-method status="PASS" signature="setup()[pri:0, instance:CRMProPageTests.CRMLoginPageTest@7fdd33]" name="setup" is-config="true" duration-ms="201" started-at="2019-11-01T17:18:34Z" finished-at="2019-11-01T17:18:34Z">
          <reporter-output>
          </reporter-output>
        </test-method> <!-- setup -->
        <test-method status="PASS" signature="initialization()[pri:0, instance:CRMProPageTests.CRMLoginPageTest@7fdd33]" name="initialization" is-config="true" duration-ms="6490" started-at="2019-11-01T17:18:34Z" finished-at="2019-11-01T17:18:41Z">
          <reporter-output>
          </reporter-output>
        </test-method> <!-- initialization -->
        <test-method status="PASS" signature="setUp()[pri:0, instance:CRMProPageTests.CRMLoginPageTest@7fdd33]" name="setUp" is-config="true" duration-ms="167" started-at="2019-11-01T17:18:41Z" finished-at="2019-11-01T17:18:41Z">
          <reporter-output>
          </reporter-output>
        </test-method> <!-- setUp -->
        <test-method status="PASS" signature="verifyLoginPageTitle()[pri:1, instance:CRMProPageTests.CRMLoginPageTest@7fdd33]" name="verifyLoginPageTitle" duration-ms="80" started-at="2019-11-01T17:18:41Z" finished-at="2019-11-01T17:18:41Z">
          <reporter-output>
          </reporter-output>
        </test-method> <!-- verifyLoginPageTitle -->
        <test-method status="PASS" signature="tearDown()[pri:0, instance:CRMProPageTests.CRMLoginPageTest@7fdd33]" name="tearDown" is-config="true" duration-ms="1069" started-at="2019-11-01T17:18:41Z" finished-at="2019-11-01T17:18:42Z">
          <reporter-output>
          </reporter-output>
        </test-method> <!-- tearDown -->
        <test-method status="PASS" signature="initialization()[pri:0, instance:CRMProPageTests.CRMLoginPageTest@7fdd33]" name="initialization" is-config="true" duration-ms="4824" started-at="2019-11-01T17:18:42Z" finished-at="2019-11-01T17:18:47Z">
          <reporter-output>
          </reporter-output>
        </test-method> <!-- initialization -->
        <test-method status="PASS" signature="setUp()[pri:0, instance:CRMProPageTests.CRMLoginPageTest@7fdd33]" name="setUp" is-config="true" duration-ms="1" started-at="2019-11-01T17:18:47Z" finished-at="2019-11-01T17:18:47Z">
          <reporter-output>
          </reporter-output>
        </test-method> <!-- setUp -->
        <test-method status="PASS" signature="crmLogoImageTest()[pri:2, instance:CRMProPageTests.CRMLoginPageTest@7fdd33]" name="crmLogoImageTest" duration-ms="169" started-at="2019-11-01T17:18:47Z" finished-at="2019-11-01T17:18:47Z">
          <reporter-output>
          </reporter-output>
        </test-method> <!-- crmLogoImageTest -->
        <test-method status="PASS" signature="tearDown()[pri:0, instance:CRMProPageTests.CRMLoginPageTest@7fdd33]" name="tearDown" is-config="true" duration-ms="889" started-at="2019-11-01T17:18:47Z" finished-at="2019-11-01T17:18:48Z">
          <reporter-output>
          </reporter-output>
        </test-method> <!-- tearDown -->
        <test-method status="PASS" signature="initialization()[pri:0, instance:CRMProPageTests.CRMLoginPageTest@7fdd33]" name="initialization" is-config="true" duration-ms="4519" started-at="2019-11-01T17:18:48Z" finished-at="2019-11-01T17:18:53Z">
          <reporter-output>
          </reporter-output>
        </test-method> <!-- initialization -->
        <test-method status="PASS" signature="setUp()[pri:0, instance:CRMProPageTests.CRMLoginPageTest@7fdd33]" name="setUp" is-config="true" duration-ms="1" started-at="2019-11-01T17:18:53Z" finished-at="2019-11-01T17:18:53Z">
          <reporter-output>
          </reporter-output>
        </test-method> <!-- setUp -->
        <test-method status="PASS" signature="login()[pri:3, instance:CRMProPageTests.CRMLoginPageTest@7fdd33]" name="login" duration-ms="3979" started-at="2019-11-01T17:18:53Z" finished-at="2019-11-01T17:18:57Z">
          <reporter-output>
          </reporter-output>
        </test-method> <!-- login -->
        <test-method status="PASS" signature="tearDown()[pri:0, instance:CRMProPageTests.CRMLoginPageTest@7fdd33]" name="tearDown" is-config="true" duration-ms="869" started-at="2019-11-01T17:18:57Z" finished-at="2019-11-01T17:18:57Z">
          <reporter-output>
          </reporter-output>
        </test-method> <!-- tearDown -->
        <test-method status="PASS" signature="lodend()[pri:0, instance:CRMProPageTests.CRMLoginPageTest@7fdd33]" name="lodend" is-config="true" duration-ms="1" started-at="2019-11-01T17:18:57Z" finished-at="2019-11-01T17:18:57Z">
          <reporter-output>
          </reporter-output>
        </test-method> <!-- lodend -->
      </class> <!-- CRMProPageTests.CRMLoginPageTest -->
    </test> <!-- CRMPro -->
  </suite> <!-- Default Suite -->
</testng-results>
